<?xml version="1.0" encoding="UTF-8"?>
<!-- Generated by org.testng.reporters.JUnitReportReporter -->
<testsuite hostname="Ayisharahman" name="gittest.GitTest" tests="1" failures="0" timestamp="23 Sep 2019 04:56:17 GMT" time="12.550" errors="0">
  <testcase name="loginTest" time="12.550" classname="gittest.GitTest"/>
</testsuite> <!-- gittest.GitTest -->
